<?xml version="1.0" encoding="UTF-8"?>
<testsuite name="api.soldout.io.soldout.SoldoutApplicationTests" tests="1" skipped="0" failures="0" errors="0" timestamp="2022-04-20T13:14:31" hostname="gimseonhoui-MacBookAir.local" time="0.427">
  <properties/>
  <testcase name="contextLoads()" classname="api.soldout.io.soldout.SoldoutApplicationTests" time="0.427"/>
  <system-out><![CDATA[22:14:30.109 [Test worker] DEBUG org.springframework.test.context.BootstrapUtils - Instantiating CacheAwareContextLoaderDelegate from class [org.springframework.test.context.cache.DefaultCacheAwareContextLoaderDelegate]
22:14:30.121 [Test worker] DEBUG org.springframework.test.context.BootstrapUtils - Instantiating BootstrapContext using constructor [public org.springframework.test.context.support.DefaultBootstrapContext(java.lang.Class,org.springframework.test.context.CacheAwareContextLoaderDelegate)]
22:14:30.161 [Test worker] DEBUG org.springframework.test.context.BootstrapUtils - Instantiating TestContextBootstrapper for test class [api.soldout.io.soldout.SoldoutApplicationTests] from class [org.springframework.boot.test.context.SpringBootTestContextBootstrapper]
22:14:30.178 [Test worker] INFO org.springframework.boot.test.context.SpringBootTestContextBootstrapper - Neither @ContextConfiguration nor @ContextHierarchy found for test class [api.soldout.io.soldout.SoldoutApplicationTests], using SpringBootContextLoader
22:14:30.183 [Test worker] DEBUG org.springframework.test.context.support.AbstractContextLoader - Did not detect default resource location for test class [api.soldout.io.soldout.SoldoutApplicationTests]: class path resource [api/soldout/io/soldout/SoldoutApplicationTests-context.xml] does not exist
22:14:30.183 [Test worker] DEBUG org.springframework.test.context.support.AbstractContextLoader - Did not detect default resource location for test class [api.soldout.io.soldout.SoldoutApplicationTests]: class path resource [api/soldout/io/soldout/SoldoutApplicationTestsContext.groovy] does not exist
22:14:30.184 [Test worker] INFO org.springframework.test.context.support.AbstractContextLoader - Could not detect default resource locations for test class [api.soldout.io.soldout.SoldoutApplicationTests]: no resource found for suffixes {-context.xml, Context.groovy}.
22:14:30.184 [Test worker] INFO org.springframework.test.context.support.AnnotationConfigContextLoaderUtils - Could not detect default configuration classes for test class [api.soldout.io.soldout.SoldoutApplicationTests]: SoldoutApplicationTests does not declare any static, non-private, non-final, nested classes annotated with @Configuration.
22:14:30.244 [Test worker] DEBUG org.springframework.test.context.support.ActiveProfilesUtils - Could not find an 'annotation declaring class' for annotation type [org.springframework.test.context.ActiveProfiles] and class [api.soldout.io.soldout.SoldoutApplicationTests]
22:14:30.354 [Test worker] DEBUG org.springframework.context.annotation.ClassPathScanningCandidateComponentProvider - Identified candidate component class: file [/Users/cborong/project/soldout/build/classes/java/main/api/soldout/io/soldout/SoldoutApplication.class]
22:14:30.364 [Test worker] INFO org.springframework.boot.test.context.SpringBootTestContextBootstrapper - Found @SpringBootConfiguration api.soldout.io.soldout.SoldoutApplication for test class api.soldout.io.soldout.SoldoutApplicationTests
22:14:30.466 [Test worker] DEBUG org.springframework.boot.test.context.SpringBootTestContextBootstrapper - @TestExecutionListeners is not present for class [api.soldout.io.soldout.SoldoutApplicationTests]: using defaults.
22:14:30.466 [Test worker] INFO org.springframework.boot.test.context.SpringBootTestContextBootstrapper - Loaded default TestExecutionListener class names from location [META-INF/spring.factories]: [org.springframework.boot.test.autoconfigure.restdocs.RestDocsTestExecutionListener, org.springframework.boot.test.autoconfigure.web.client.MockRestServiceServerResetTestExecutionListener, org.springframework.boot.test.autoconfigure.web.servlet.MockMvcPrintOnlyOnFailureTestExecutionListener, org.springframework.boot.test.autoconfigure.web.servlet.WebDriverTestExecutionListener, org.springframework.boot.test.autoconfigure.webservices.client.MockWebServiceServerTestExecutionListener, org.springframework.boot.test.mock.mockito.MockitoTestExecutionListener, org.springframework.boot.test.mock.mockito.ResetMocksTestExecutionListener, org.springframework.test.context.web.ServletTestExecutionListener, org.springframework.test.context.support.DirtiesContextBeforeModesTestExecutionListener, org.springframework.test.context.event.ApplicationEventsTestExecutionListener, org.springframework.test.context.support.DependencyInjectionTestExecutionListener, org.springframework.test.context.support.DirtiesContextTestExecutionListener, org.springframework.test.context.transaction.TransactionalTestExecutionListener, org.springframework.test.context.jdbc.SqlScriptsTestExecutionListener, org.springframework.test.context.event.EventPublishingTestExecutionListener]
22:14:30.474 [Test worker] DEBUG org.springframework.boot.test.context.SpringBootTestContextBootstrapper - Skipping candidate TestExecutionListener [org.springframework.test.context.web.ServletTestExecutionListener] due to a missing dependency. Specify custom listener classes or make the default listener classes and their required dependencies available. Offending class: [javax/servlet/ServletContext]
22:14:30.475 [Test worker] DEBUG org.springframework.boot.test.context.SpringBootTestContextBootstrapper - Skipping candidate TestExecutionListener [org.springframework.test.context.transaction.TransactionalTestExecutionListener] due to a missing dependency. Specify custom listener classes or make the default listener classes and their required dependencies available. Offending class: [org/springframework/transaction/TransactionDefinition]
22:14:30.475 [Test worker] DEBUG org.springframework.boot.test.context.SpringBootTestContextBootstrapper - Skipping candidate TestExecutionListener [org.springframework.test.context.jdbc.SqlScriptsTestExecutionListener] due to a missing dependency. Specify custom listener classes or make the default listener classes and their required dependencies available. Offending class: [org/springframework/transaction/interceptor/TransactionAttribute]
22:14:30.476 [Test worker] INFO org.springframework.boot.test.context.SpringBootTestContextBootstrapper - Using TestExecutionListeners: [org.springframework.test.context.support.DirtiesContextBeforeModesTestExecutionListener@73511076, org.springframework.test.context.event.ApplicationEventsTestExecutionListener@7927bd9f, org.springframework.boot.test.mock.mockito.MockitoTestExecutionListener@532721fd, org.springframework.boot.test.autoconfigure.SpringBootDependencyInjectionTestExecutionListener@410954b, org.springframework.test.context.support.DirtiesContextTestExecutionListener@7fb9f71f, org.springframework.test.context.event.EventPublishingTestExecutionListener@3b366632, org.springframework.boot.test.autoconfigure.restdocs.RestDocsTestExecutionListener@51f49060, org.springframework.boot.test.autoconfigure.web.client.MockRestServiceServerResetTestExecutionListener@514eedd8, org.springframework.boot.test.autoconfigure.web.servlet.MockMvcPrintOnlyOnFailureTestExecutionListener@617fe9e1, org.springframework.boot.test.autoconfigure.web.servlet.WebDriverTestExecutionListener@6970140a, org.springframework.boot.test.autoconfigure.webservices.client.MockWebServiceServerTestExecutionListener@1cf2fed4, org.springframework.boot.test.mock.mockito.ResetMocksTestExecutionListener@3af4e0bf]
22:14:30.479 [Test worker] DEBUG org.springframework.test.context.support.AbstractDirtiesContextTestExecutionListener - Before test class: context [DefaultTestContext@1a2e2935 testClass = SoldoutApplicationTests, testInstance = [null], testMethod = [null], testException = [null], mergedContextConfiguration = [MergedContextConfiguration@733c423e testClass = SoldoutApplicationTests, locations = '{}', classes = '{class api.soldout.io.soldout.SoldoutApplication}', contextInitializerClasses = '[]', activeProfiles = '{}', propertySourceLocations = '{}', propertySourceProperties = '{org.springframework.boot.test.context.SpringBootTestContextBootstrapper=true}', contextCustomizers = set[org.springframework.boot.test.autoconfigure.actuate.metrics.MetricsExportContextCustomizerFactory$DisableMetricExportContextCustomizer@3ecd267f, org.springframework.boot.test.autoconfigure.properties.PropertyMappingContextCustomizer@0, org.springframework.boot.test.autoconfigure.web.servlet.WebDriverContextCustomizerFactory$Customizer@6955cb39, org.springframework.boot.test.context.filter.ExcludeFilterContextCustomizer@6b7906b3, org.springframework.boot.test.json.DuplicateJsonObjectContextCustomizerFactory$DuplicateJsonObjectContextCustomizer@256f8274, org.springframework.boot.test.mock.mockito.MockitoContextCustomizer@0, org.springframework.boot.test.web.client.TestRestTemplateContextCustomizer@1af687fe, org.springframework.boot.test.context.SpringBootTestArgs@1, org.springframework.boot.test.context.SpringBootTestWebEnvironment@7857fe2], contextLoader = 'org.springframework.boot.test.context.SpringBootContextLoader', parent = [null]], attributes = map[[empty]]], class annotated with @DirtiesContext [false] with mode [null].
22:14:30.504 [Test worker] DEBUG org.springframework.test.context.support.DependencyInjectionTestExecutionListener - Performing dependency injection for test context [[DefaultTestContext@1a2e2935 testClass = SoldoutApplicationTests, testInstance = api.soldout.io.soldout.SoldoutApplicationTests@1051817b, testMethod = [null], testException = [null], mergedContextConfiguration = [MergedContextConfiguration@733c423e testClass = SoldoutApplicationTests, locations = '{}', classes = '{class api.soldout.io.soldout.SoldoutApplication}', contextInitializerClasses = '[]', activeProfiles = '{}', propertySourceLocations = '{}', propertySourceProperties = '{org.springframework.boot.test.context.SpringBootTestContextBootstrapper=true}', contextCustomizers = set[org.springframework.boot.test.autoconfigure.actuate.metrics.MetricsExportContextCustomizerFactory$DisableMetricExportContextCustomizer@3ecd267f, org.springframework.boot.test.autoconfigure.properties.PropertyMappingContextCustomizer@0, org.springframework.boot.test.autoconfigure.web.servlet.WebDriverContextCustomizerFactory$Customizer@6955cb39, org.springframework.boot.test.context.filter.ExcludeFilterContextCustomizer@6b7906b3, org.springframework.boot.test.json.DuplicateJsonObjectContextCustomizerFactory$DuplicateJsonObjectContextCustomizer@256f8274, org.springframework.boot.test.mock.mockito.MockitoContextCustomizer@0, org.springframework.boot.test.web.client.TestRestTemplateContextCustomizer@1af687fe, org.springframework.boot.test.context.SpringBootTestArgs@1, org.springframework.boot.test.context.SpringBootTestWebEnvironment@7857fe2], contextLoader = 'org.springframework.boot.test.context.SpringBootContextLoader', parent = [null]], attributes = map['org.springframework.test.context.event.ApplicationEventsTestExecutionListener.recordApplicationEvents' -> false]]].

  .   ____          _            __ _ _
 /\\ / ___'_ __ _ _(_)_ __  __ _ \ \ \ \
( ( )\___ | '_ | '_| | '_ \/ _` | \ \ \ \
 \\/  ___)| |_)| | | | | || (_| |  ) ) ) )
  '  |____| .__|_| |_|_| |_\__, | / / / /
 =========|_|==============|___/=/_/_/_/
 :: Spring Boot ::                (v2.6.6)

2022-04-20 22:14:30.961  INFO 1978 --- [    Test worker] a.s.io.soldout.SoldoutApplicationTests   : Starting SoldoutApplicationTests using Java 11.0.14 on gimseonhoui-MacBookAir.local with PID 1978 (started by cborong in /Users/cborong/project/soldout)
2022-04-20 22:14:30.963  INFO 1978 --- [    Test worker] a.s.io.soldout.SoldoutApplicationTests   : No active profile set, falling back to 1 default profile: "default"
2022-04-20 22:14:31.765  INFO 1978 --- [    Test worker] a.s.io.soldout.SoldoutApplicationTests   : Started SoldoutApplicationTests in 1.231 seconds (JVM running for 2.832)
]]></system-out>
  <system-err><![CDATA[]]></system-err>
</testsuite>
